


ARM Macro Assembler    Page 1 


    1 00000000                 AREA             codigo, CODE, READONLY, ALIGN=2
    2 00000000                 THUMB
    3 00000000                 EXPORT           Start
    4 00000000         
    5 00000000         Start                                ; Punto de inicio d
                                                            e programa.
    6 00000000 EEB7 0A00       VLDR.F32         S0, =1      ; Valor de n.
    7 00000004 EEF2 0A04       VLDR.F32         S1, =10     ; Límite superior.
    8 00000008 EEB7 1A00       VLDR.F32         S2, =1      ; Constante 1.
    9 0000000C EEF7 1A00       VLDR.F32         S3, =1      ; Constante 2.
   10 00000010 ED9F 2A22       VLDR.F32         S4, =0      ; Constante 3.
   11 00000014 EEF7 2A00       VLDR.F32         S5, =1      ; Constante 4.
   12 00000018 EEB7 4A00       VLDR.F32         S8, =1      ; Constante 5.
   13 0000001C EEF7 5A00       VLDR.F32         S11, =1     ; Constante 6.
   14 00000020 EEB0 6A00       VLDR.F32         S12, =2     ; Constante 7.
   15 00000024 ED9F 7A1D       VLDR.F32         S14, =0     ; Constante 8.
   16 00000028         
   17 00000028         
   18 00000028         Sumatoria
   19 00000028 F000 F81A       BL               factorial   ; n!
   20 0000002C         
   21 0000002C ED9F 3A1B       VLDR.F32         S6, =0      ; Contador subrutin
                                                            a Potencia.
   22 00000030 EEF7 3A00       VLDR.F32         S7, =1      ; S7 contendrá el v
                                                            alor de la potencia
                                                            .
   23 00000034 F000 F81E       BL               Potencia    ; n^n
   24 00000038         
   25 00000038 EDDF 4A18       VLDR.F32         S9, =0      ; Contador subrutin
                                                            a Potencia 2^n.
   26 0000003C EEB7 5A00       VLDR.F32         S10, =1     ; S10 contendrá el 
                                                            valor de la potenci
                                                            a.
   27 00000040 F000 F822       BL               Potencia2   ; 2^n
   28 00000044         
   29 00000044 EE65 6A21       VMUL.F32         S13 , S10 , S3 ; (2^n)(n!)
   30 00000048 EEC6 6AA3       VDIV.F32         S13 , S7    ; ((2^n)(n!))/(n^n)
                                                            
   31 0000004C EE37 7A26       VADD.F32         S14 , S13   ; Sumatoria
   32 00000050 EEB4 0A60       VCMP.F32         S0,S1       ; Comparar si n lle
                                                            go al limite superi
                                                            or
   33 00000054 EE30 0A01       VADD.F32         S0,S2       ; Aumentar en 1 n
   34 00000058 EEF1 FA10       VMRS             APSR_nzcv, FPSCR
   35 0000005C D3E4            BLO              Sumatoria
   36 0000005E         
   37 0000005E         Loop                                 ; Ciclo infinito.
   38 0000005E E7FE            B                Loop
   39 00000060         
   40 00000060         factorial
   41 00000060 EE32 2A22       VADD.F32         S4,S5
   42 00000064 EE61 1A82       VMUL.F32         S3,S4
   43 00000068 EEB4 2A40       VCMP.F32         S4,S0
   44 0000006C EEF1 FA10       VMRS             APSR_nzcv, FPSCR
   45 00000070 D1F6            BNE              factorial
   46 00000072 4770            BX               LR
   47 00000074         
   48 00000074         Potencia
   49 00000074 EE63 3A80       VMUL.F32         S7, S0



ARM Macro Assembler    Page 2 


   50 00000078 EE33 3A04       VADD.F32         S6, S8
   51 0000007C EEB4 3A40       VCMP.F32         S6, S0
   52 00000080 EEF1 FA10       VMRS             APSR_nzcv, FPSCR
   53 00000084 D1F6            BNE              Potencia
   54 00000086 4770            BX               LR
   55 00000088         
   56 00000088         Potencia2
   57 00000088 EE25 5A06       VMUL.F32         S10, S12
   58 0000008C EE74 4AA5       VADD.F32         S9, S11
   59 00000090 EEF4 4A40       VCMP.F32         S9, S0
   60 00000094 EEF1 FA10       VMRS             APSR_nzcv, FPSCR
   61 00000098 D1F6            BNE              Potencia2
   62 0000009A 4770            BX               LR
   63 0000009C         
   64 0000009C                 ALIGN
   65 0000009C                 END
              00000000 
Command Line: --debug --xref --diag_suppress=9931 --cpu=Cortex-M4.fp --apcs=int
erwork --depend=.\objects\serie.d -o.\objects\serie.o -I.\RTE\_Target_1 -IC:\Us
ers\dey_d\AppData\Local\Arm\Packs\Keil\TM4C_DFP\1.1.0\Device\Include\TM4C123 -I
C:\Keil_v5\ARM\CMSIS\Include --predefine="__EVAL SETA 1" --predefine="__UVISION
_VERSION SETA 528" --predefine="TM4C123GH6PM SETA 1" --list=.\listings\serie.ls
t Serie.s



ARM Macro Assembler    Page 1 Alphabetic symbol ordering
Relocatable symbols

Loop 0000005E

Symbol: Loop
   Definitions
      At line 37 in file Serie.s
   Uses
      At line 38 in file Serie.s
Comment: Loop used once
Potencia 00000074

Symbol: Potencia
   Definitions
      At line 48 in file Serie.s
   Uses
      At line 23 in file Serie.s
      At line 53 in file Serie.s

Potencia2 00000088

Symbol: Potencia2
   Definitions
      At line 56 in file Serie.s
   Uses
      At line 27 in file Serie.s
      At line 61 in file Serie.s

Start 00000000

Symbol: Start
   Definitions
      At line 5 in file Serie.s
   Uses
      At line 3 in file Serie.s
Comment: Start used once
Sumatoria 00000028

Symbol: Sumatoria
   Definitions
      At line 18 in file Serie.s
   Uses
      At line 35 in file Serie.s
Comment: Sumatoria used once
codigo 00000000

Symbol: codigo
   Definitions
      At line 1 in file Serie.s
   Uses
      None
Comment: codigo unused
factorial 00000060

Symbol: factorial
   Definitions
      At line 40 in file Serie.s
   Uses
      At line 19 in file Serie.s
      At line 45 in file Serie.s




ARM Macro Assembler    Page 2 Alphabetic symbol ordering
Relocatable symbols

7 symbols
343 symbols in table
