


ARM Macro Assembler    Page 1 


    1 00000000 40005528 
                       GPIO_PORTB_AMSEL_R
                               EQU              0x40005528  ; 
    2 00000000 4000552C 
                       GPIO_PORTB_PCTL_R
                               EQU              0x4000552C  ;
    3 00000000 40005400 
                       GPIO_PORTB_DIR_R
                               EQU              0x40005400  ;
    4 00000000 40005420 
                       GPIO_PORTB_AFSEL_R
                               EQU              0x40005420  ;
    5 00000000 4000551C 
                       GPIO_PORTB_DEN_R
                               EQU              0x4000551C  ;
    6 00000000         
    7 00000000 40007400 
                       GPIO_PORTD_DIR_R
                               EQU              0x40007400
    8 00000000 40007420 
                       GPIO_PORTD_AFSEL_R
                               EQU              0x40007420
    9 00000000 4000751C 
                       GPIO_PORTD_DEN_R
                               EQU              0x4000751C
   10 00000000 40007528 
                       GPIO_PORTD_AMSEL_R
                               EQU              0x40007528
   11 00000000 4000752C 
                       GPIO_PORTD_PCTL_R
                               EQU              0x4000752C
   12 00000000         
   13 00000000 400FE608 
                       SYSCTL_RCGCGPIO_R
                               EQU              0x400FE608
   14 00000000 00000008 
                       SYSCTL_RCGC2_GPIOD
                               EQU              0x00000008
   15 00000000 00000002 
                       SYSCTL_RCGC2_GPIOB
                               EQU              0x00000002
   16 00000000         
   17 00000000 40005004 
                       PB0     EQU              0x40005004
   18 00000000 40005008 
                       PB1     EQU              0x40005008
   19 00000000 40005010 
                       PB2     EQU              0x40005010
   20 00000000 40005020 
                       PB3     EQU              0x40005020
   21 00000000         
   22 00000000 400053FC 
                       SWITCH  EQU              0x400053FC
   23 00000000 00000001 
                       SW1     EQU              0x01
   24 00000000 00000002 
                       SW2     EQU              0x02
   25 00000000 00000004 
                       SW3     EQU              0x04



ARM Macro Assembler    Page 2 


   26 00000000 00000008 
                       SW4     EQU              0x08
   27 00000000         
   28 00000000 40007004 
                       PD0     EQU              0x40007004
   29 00000000 40007008 
                       PD1     EQU              0x40007008
   30 00000000 40007010 
                       PD2     EQU              0x40007010
   31 00000000 40007020 
                       PD3     EQU              0x40007020
   32 00000000 400073FC 
                       LEDS    EQU              0x400073FC
   33 00000000 004C4B40 
                       CONSTANTE
                               EQU              5000000
   34 00000000         
   35 00000000         
   36 00000000                 AREA             |.text|, CODE, READONLY, ALIGN=
2
   37 00000000                 THUMB
   38 00000000                 EXPORT           Start
   39 00000000         Start
   40 00000000         
   41 00000000         
   42 00000000         Switch_Init
   43 00000000 49E4            LDR              R1, =SYSCTL_RCGCGPIO_R
   44 00000002 6808            LDR              R0, [R1]
   45 00000004 F040 0002       ORR              R0, R0, #0x02
   46 00000008 6008            STR              R0, [R1]
   47 0000000A BF00            NOP
   48 0000000C BF00            NOP
   49 0000000E 49E2            LDR              R1, =GPIO_PORTB_AMSEL_R
   50 00000010 6808            LDR              R0, [R1]
   51 00000012 F020 000F       BIC              R0, #(SW1+SW2+SW3+SW4)
   52 00000016 6008            STR              R0, [R1]
   53 00000018 49E0            LDR              R1, =GPIO_PORTB_PCTL_R
   54 0000001A 6808            LDR              R0, [R1]
   55 0000001C F420 0070       BIC              R0, #0x00F00000
   56 00000020 6008            STR              R0, [R1]
   57 00000022 49DF            LDR              R1, =GPIO_PORTB_DIR_R
   58 00000024 6808            LDR              R0, [R1]
   59 00000026 F020 000F       BIC              R0, #(SW1+SW2+SW3+SW4)
   60 0000002A 6008            STR              R0, [R1]
   61 0000002C 49DD            LDR              R1, =GPIO_PORTB_AFSEL_R
   62 0000002E 6808            LDR              R0, [R1]
   63 00000030 F020 000F       BIC              R0, #(SW1+SW2+SW3+SW4)
   64 00000034 6008            STR              R0, [R1]
   65 00000036 49DC            LDR              R1, =GPIO_PORTB_DEN_R
   66 00000038 6808            LDR              R0, [R1]
   67 0000003A F040 000F       ORR              R0, #(SW1+SW2+SW3+SW4)
   68 0000003E 6008            STR              R0, [R1]
   69 00000040         
   70 00000040 49D4            LDR              R1, =SYSCTL_RCGCGPIO_R
   71 00000042 6808            LDR              R0, [R1]
   72 00000044 F040 0008       ORR              R0, R0, #0x08
   73 00000048 6008            STR              R0, [R1]
   74 0000004A BF00            NOP
   75 0000004C BF00            NOP



ARM Macro Assembler    Page 3 


   76 0000004E         
   77 0000004E 49D7            LDR              R1, =GPIO_PORTD_DIR_R
   78 00000050 6808            LDR              R0, [R1]
   79 00000052 F040 000F       ORR              R0, R0, #(0x01+0x02+0x04+0x08)
   80 00000056 6008            STR              R0, [R1]
   81 00000058         
   82 00000058 49D5            LDR              R1, =GPIO_PORTD_AFSEL_R
   83 0000005A 6808            LDR              R0, [R1]
   84 0000005C F020 000F       BIC              R0, R0, #(0x01+0x02+0x04+0x08)
   85 00000060 6008            STR              R0, [R1]
   86 00000062         
   87 00000062 49D4            LDR              R1, =GPIO_PORTD_DEN_R
   88 00000064 6808            LDR              R0, [R1]
   89 00000066 F040 000F       ORR              R0, R0, #(0x01+0x02+0x04+0x08)
   90 0000006A 6008            STR              R0, [R1]
   91 0000006C         
   92 0000006C 49D2            LDR              R1, =GPIO_PORTD_PCTL_R
   93 0000006E 6808            LDR              R0, [R1]
   94 00000070         
   95 00000070 F420 4070       BIC              R0, R0, #0x0000F000
   96 00000074 6008            STR              R0, [R1]
   97 00000076         
   98 00000076 49D1            LDR              R1, =GPIO_PORTD_AMSEL_R
   99 00000078 F04F 0000       MOV              R0, #0
  100 0000007C 6008            STR              R0, [R1]
  101 0000007E 4CD0            LDR              R4, =LEDS
  102 00000080 F04F 0501       MOV              R5, #0x01
  103 00000084 F04F 0602       MOV              R6, #0x02
  104 00000088 F04F 0703       MOV              R7, #0x03
  105 0000008C F04F 0804       MOV              R8, #0x04
  106 00000090 F04F 0900       MOV              R9, #0x00
  107 00000094         
  108 00000094         Lectura
  109 00000094 F8DF A32C       LDR              R10, =CONSTANTE
  110 00000098 F04F 0B00       MOV              R11, #0x00
  111 0000009C F04F 0200       MOV              R2, #0x00
  112 000000A0 F04F 0300       MOV              R3, #0x00
  113 000000A4 F04F 0C00       MOV              R12, #0x00
  114 000000A8         
  115 000000A8 49C7            LDR              R1, =SWITCH
  116 000000AA 6808            LDR              R0, [R1]
  117 000000AC         
  118 000000AC         loop
  119 000000AC         ; BL  Switch_Input
  120 000000AC 2801            CMP              R0, #0x01
  121 000000AE F000 801E       BEQ.W            Rutina1
  122 000000B2 2802            CMP              R0, #0x02
  123 000000B4 F000 8047       BEQ.W            Rutina2
  124 000000B8 2804            CMP              R0, #0x04
  125 000000BA F000 808C       BEQ.W            Rutina3
  126 000000BE 2808            CMP              R0, #0x08
  127 000000C0 F000 80ED       BEQ.W            Rutina4
  128 000000C4         
  129 000000C4 2800            CMP              R0, #0x00
  130 000000C6 F000 8157       BEQ.W            Apagado
  131 000000CA E7E3            B                Lectura
  132 000000CC         
  133 000000CC         SelectRutina
  134 000000CC 2801            CMP              R0, #0x01



ARM Macro Assembler    Page 4 


  135 000000CE F000 8011       BEQ.W            AdelanteR1
  136 000000D2         
  137 000000D2 2802            CMP              R0, #0x02
  138 000000D4 F8DF A2F4       LDR              R10, =2000000
  139 000000D8 F000 8038       BEQ.W            AdelanteR2
  140 000000DC         
  141 000000DC 2804            CMP              R0, #0x04
  142 000000DE F8DF A2EC       LDR              R10, =2000000
  143 000000E2 F000 807B       BEQ.W            AdelanteR3
  144 000000E6         
  145 000000E6 2808            CMP              R0, #0x08
  146 000000E8 F000 80DC       BEQ.W            AdelanteR4
  147 000000EC         
  148 000000EC E7D2            B                Lectura
  149 000000EE         
  150 000000EE         ;_____________________________________RUTINA 1__________
                       ____________________________
  151 000000EE         Rutina1
  152 000000EE F04F 0001       MOV              R0, #0x01
  153 000000F2 E144            B                DelayInicio
  154 000000F4         AdelanteR1
  155 000000F4 F102 0201       ADD              R2, #1
  156 000000F8 2A05            CMP              R2, #0x05
  157 000000FA F43F AFCB       BEQ.W            Lectura
  158 000000FE F04F 0105       MOV              R1, #0x05
  159 00000102 F04F 0B00       MOV              R11, #0x00
  160 00000106 6021            STR              R1, [R4]
  161 00000108 F8DF A2C0       LDR              R10, =2000000
  162 0000010C E7FF            B                DelayADR1
  163 0000010E         DelayADR1
  164 0000010E F10B 0B01       ADD              R11, #1
  165 00000112 BF00            NOP
  166 00000114 BF00            NOP
  167 00000116 BF00            NOP
  168 00000118 BF00            NOP
  169 0000011A 45DA            CMP              R10, R11
  170 0000011C F000 8001       BEQ.W            IzquierdaR1
  171 00000120 E7F5            B                DelayADR1
  172 00000122         IzquierdaR1
  173 00000122 F04F 0109       MOV              R1, #0x09
  174 00000126 F04F 0B00       MOV              R11, #0x00
  175 0000012A 6021            STR              R1, [R4]
  176 0000012C F8DF A2A0       LDR              R10, =920000
  177 00000130 E7FF            B                DelayIZR1
  178 00000132         DelayIZR1
  179 00000132 F10B 0B01       ADD              R11, #1
  180 00000136 BF00            NOP
  181 00000138 BF00            NOP
  182 0000013A BF00            NOP
  183 0000013C BF00            NOP
  184 0000013E 45DA            CMP              R10, R11
  185 00000140 F43F AFD8       BEQ.W            AdelanteR1
  186 00000144 E7F5            B                DelayIZR1
  187 00000146         ;_____________________________________RUTINA 2__________
                       ____________________________
  188 00000146         Rutina2
  189 00000146 F04F 0002       MOV              R0, #0x02
  190 0000014A E118            B                DelayInicio
  191 0000014C         AdelanteR2



ARM Macro Assembler    Page 5 


  192 0000014C F04F 0105       MOV              R1, #0x05
  193 00000150 F04F 0B00       MOV              R11, #0x00
  194 00000154 6021            STR              R1, [R4]
  195 00000156 F8DF A27C       LDR              R10, =1800000
  196 0000015A E7FF            B                DelayADR2
  197 0000015C         DelayADR2
  198 0000015C F10B 0B01       ADD              R11, #1
  199 00000160 BF00            NOP
  200 00000162 BF00            NOP
  201 00000164 BF00            NOP
  202 00000166 BF00            NOP
  203 00000168 45DA            CMP              R10, R11
  204 0000016A F000 8001       BEQ.W            DerechaR2
  205 0000016E E7F5            B                DelayADR2
  206 00000170         DerechaR2
  207 00000170 2B01            CMP              R3, #0x01
  208 00000172 F000 8017       BEQ.W            IzquierdaR2
  209 00000176         
  210 00000176         
  211 00000176 2A02            CMP              R2, #0x02
  212 00000178 F000 8014       BEQ.W            IzquierdaR2
  213 0000017C F102 0201       ADD              R2, #1
  214 00000180         
  215 00000180 F04F 0106       MOV              R1, #0x06
  216 00000184 F04F 0B00       MOV              R11, #0x00
  217 00000188 6021            STR              R1, [R4]
  218 0000018A F8DF A24C       LDR              R10, =1200000
  219 0000018E E7FF            B                DelayDERR2
  220 00000190         DelayDERR2
  221 00000190 F10B 0B01       ADD              R11, #1
  222 00000194 BF00            NOP
  223 00000196 BF00            NOP
  224 00000198 BF00            NOP
  225 0000019A BF00            NOP
  226 0000019C 45DA            CMP              R10, R11
  227 0000019E F43F AFD5       BEQ.W            AdelanteR2
  228 000001A2 E7F5            B                DelayDERR2
  229 000001A4         IzquierdaR2
  230 000001A4 2A04            CMP              R2, #0x04
  231 000001A6 F43F AF75       BEQ.W            Lectura
  232 000001AA F102 0201       ADD              R2, #1
  233 000001AE         
  234 000001AE F04F 0109       MOV              R1, #0x09
  235 000001B2 F04F 0301       MOV              R3, #0x01
  236 000001B6 F04F 0B00       MOV              R11, #0x00
  237 000001BA 6021            STR              R1, [R4]
  238 000001BC F8DF A21C       LDR              R10, =900000
  239 000001C0 E7FF            B                DelayIZR2
  240 000001C2         DelayIZR2
  241 000001C2 F10B 0B01       ADD              R11, #1
  242 000001C6 BF00            NOP
  243 000001C8 BF00            NOP
  244 000001CA BF00            NOP
  245 000001CC BF00            NOP
  246 000001CE 45DA            CMP              R10, R11
  247 000001D0 F43F AFBC       BEQ.W            AdelanteR2
  248 000001D4 E7F5            B                DelayIZR2
  249 000001D6         ;_____________________________________RUTINA 3__________
                       ____________________________



ARM Macro Assembler    Page 6 


  250 000001D6         
  251 000001D6         Rutina3
  252 000001D6 F04F 0004       MOV              R0, #0x04
  253 000001DA E0D0            B                DelayInicio
  254 000001DC         
  255 000001DC         AdelanteR3
  256 000001DC         
  257 000001DC F103 0301       ADD              R3, #1
  258 000001E0         
  259 000001E0 F04F 0105       MOV              R1, #0x05
  260 000001E4 F04F 0B00       MOV              R11, #0x00
  261 000001E8 6021            STR              R1, [R4]
  262 000001EA F8DF A1F4       LDR              R10, =1900000
  263 000001EE E7FF            B                DelayADR3
  264 000001F0         
  265 000001F0         DelayADR3
  266 000001F0 F10B 0B01       ADD              R11, #1
  267 000001F4 BF00            NOP
  268 000001F6 BF00            NOP
  269 000001F8 BF00            NOP
  270 000001FA BF00            NOP
  271 000001FC 45DA            CMP              R10, R11
  272 000001FE F000 8001       BEQ.W            IzquierdaR3
  273 00000202 E7F5            B                DelayADR3
  274 00000204         
  275 00000204         IzquierdaR3
  276 00000204         
  277 00000204         
  278 00000204         
  279 00000204 2A04            CMP              R2, #0x04
  280 00000206 F000 8030       BEQ.W            VueltaR3
  281 0000020A         
  282 0000020A 2A01            CMP              R2, #0x01
  283 0000020C F000 8014       BEQ.W            DerechaR3
  284 00000210 F102 0201       ADD              R2, #1
  285 00000214         
  286 00000214 F04F 0101       MOV              R1, #0x01
  287 00000218 F04F 0B00       MOV              R11, #0x00
  288 0000021C 6021            STR              R1, [R4]
  289 0000021E F8DF A1B8       LDR              R10, =1200000
  290 00000222 E7FF            B                DelayIZR3
  291 00000224         
  292 00000224         DelayIZR3
  293 00000224 F10B 0B01       ADD              R11, #1
  294 00000228 BF00            NOP
  295 0000022A BF00            NOP
  296 0000022C BF00            NOP
  297 0000022E BF00            NOP
  298 00000230 45DA            CMP              R10, R11
  299 00000232 F43F AFD3       BEQ.W            AdelanteR3
  300 00000236 E7F5            B                DelayIZR3
  301 00000238         
  302 00000238         
  303 00000238         DerechaR3
  304 00000238         
  305 00000238         
  306 00000238 2B05            CMP              R3, #0x05
  307 0000023A F04F 0200       MOV              R2, #0x00
  308 0000023E F43F AFE1       BEQ.W            IzquierdaR3



ARM Macro Assembler    Page 7 


  309 00000242         
  310 00000242 F04F 0204       MOV              R2, #0x04
  311 00000246 F04F 0104       MOV              R1, #0x04
  312 0000024A F04F 0B00       MOV              R11, #0x00
  313 0000024E 6021            STR              R1, [R4]
  314 00000250 F8DF A190       LDR              R10, =1350000
  315 00000254 E7FF            B                DelayDERR3
  316 00000256         
  317 00000256         DelayDERR3
  318 00000256 F10B 0B01       ADD              R11, #1
  319 0000025A BF00            NOP
  320 0000025C BF00            NOP
  321 0000025E BF00            NOP
  322 00000260 BF00            NOP
  323 00000262 45DA            CMP              R10, R11
  324 00000264 F43F AFBA       BEQ.W            AdelanteR3
  325 00000268 E7F5            B                DelayDERR3
  326 0000026A         
  327 0000026A         VueltaR3
  328 0000026A F1BC 0F02       CMP              R12, #0x02
  329 0000026E F43F AF11       BEQ.W            Lectura
  330 00000272 F10C 0C01       ADD              R12, #1
  331 00000276         
  332 00000276 F04F 0104       MOV              R1, #0x04
  333 0000027A F04F 0200       MOV              R2, #0x00
  334 0000027E         
  335 0000027E F04F 0B00       MOV              R11, #0x00
  336 00000282 6021            STR              R1, [R4]
  337 00000284 F8DF A160       LDR              R10, =2100000
  338 00000288 E7FF            B                DelayVR3
  339 0000028A         
  340 0000028A         DelayVR3
  341 0000028A F10B 0B01       ADD              R11, #1
  342 0000028E BF00            NOP
  343 00000290 BF00            NOP
  344 00000292 BF00            NOP
  345 00000294 BF00            NOP
  346 00000296 45DA            CMP              R10, R11
  347 00000298 F43F AFA0       BEQ.W            AdelanteR3
  348 0000029C E7F5            B                DelayVR3
  349 0000029E         ;_____________________________________RUTINA 4__________
                       ____________________________
  350 0000029E         Rutina4
  351 0000029E F04F 0008       MOV              R0, #0x08
  352 000002A2 E06C            B                DelayInicio
  353 000002A4         
  354 000002A4         AdelanteR4
  355 000002A4 F04F 0105       MOV              R1, #0x05
  356 000002A8 F04F 0B00       MOV              R11, #0x00
  357 000002AC 6021            STR              R1, [R4]
  358 000002AE F8DF A13C       LDR              R10, =2500000
  359 000002B2 E7FF            B                DelayADR4
  360 000002B4         
  361 000002B4         DelayADR4
  362 000002B4 F10B 0B01       ADD              R11, #1
  363 000002B8 BF00            NOP
  364 000002BA BF00            NOP
  365 000002BC BF00            NOP
  366 000002BE BF00            NOP



ARM Macro Assembler    Page 8 


  367 000002C0 45DA            CMP              R10, R11
  368 000002C2 F000 8001       BEQ.W            IzquierdaR4
  369 000002C6 E7F5            B                DelayADR4
  370 000002C8         
  371 000002C8         IzquierdaR4
  372 000002C8 2B02            CMP              R3, #0x02
  373 000002CA F000 802B       BEQ.W            CirculoIZ
  374 000002CE F102 0201       ADD              R2, #1
  375 000002D2 2A03            CMP              R2, #0x03
  376 000002D4 F000 8012       BEQ.W            VueltaR4
  377 000002D8 F04F 0101       MOV              R1, #0x01
  378 000002DC F04F 0B00       MOV              R11, #0x00
  379 000002E0 6021            STR              R1, [R4]
  380 000002E2 F8DF A10C       LDR              R10, =1650000
  381 000002E6 E7FF            B                DelayIZR4
  382 000002E8         
  383 000002E8         DelayIZR4
  384 000002E8 F10B 0B01       ADD              R11, #1
  385 000002EC BF00            NOP
  386 000002EE BF00            NOP
  387 000002F0 BF00            NOP
  388 000002F2 BF00            NOP
  389 000002F4 45DA            CMP              R10, R11
  390 000002F6 F43F AFD5       BEQ.W            AdelanteR4
  391 000002FA E7F5            B                DelayIZR4
  392 000002FC         
  393 000002FC         VueltaR4
  394 000002FC F04F 0302       MOV              R3, #0x02
  395 00000300 F04F 0101       MOV              R1, #0x01
  396 00000304 F04F 0B00       MOV              R11, #0x00
  397 00000308 6021            STR              R1, [R4]
  398 0000030A F8DF A0E8       LDR              R10, =1780000
  399 0000030E E7FF            B                DelayVueltaR4
  400 00000310         
  401 00000310         DelayVueltaR4
  402 00000310 F10B 0B01       ADD              R11, #1
  403 00000314 BF00            NOP
  404 00000316 BF00            NOP
  405 00000318 BF00            NOP
  406 0000031A BF00            NOP
  407 0000031C 45DA            CMP              R10, R11
  408 0000031E F43F AFC1       BEQ.W            AdelanteR4
  409 00000322 E7F5            B                DelayVueltaR4
  410 00000324         
  411 00000324         CirculoIZ
  412 00000324 F10C 0C01       ADD              R12, #1
  413 00000328 F1BC 0F0E       CMP              R12, #0x0E
  414 0000032C F43F AEB2       BEQ.W            Lectura
  415 00000330         
  416 00000330 F04F 0104       MOV              R1, #0x04
  417 00000334 F04F 0B00       MOV              R11, #0x00
  418 00000338 6021            STR              R1, [R4]
  419 0000033A F8DF A0BC       LDR              R10, =700000
  420 0000033E E7FF            B                DelayCirculoIZ
  421 00000340         
  422 00000340         DelayCirculoIZ
  423 00000340 F10B 0B01       ADD              R11, #1
  424 00000344 BF00            NOP
  425 00000346 BF00            NOP



ARM Macro Assembler    Page 9 


  426 00000348 BF00            NOP
  427 0000034A BF00            NOP
  428 0000034C 45DA            CMP              R10, R11
  429 0000034E F000 8001       BEQ.W            CirculoR
  430 00000352 E7F5            B                DelayCirculoIZ
  431 00000354         
  432 00000354         CirculoR
  433 00000354 F04F 0105       MOV              R1, #0x05
  434 00000358 F04F 0B00       MOV              R11, #0x00
  435 0000035C 6021            STR              R1, [R4]
  436 0000035E F8DF A09C       LDR              R10, =300000
  437 00000362 E7FF            B                DelayCirculoR
  438 00000364         
  439 00000364         DelayCirculoR
  440 00000364 F10B 0B01       ADD              R11, #1
  441 00000368 BF00            NOP
  442 0000036A BF00            NOP
  443 0000036C BF00            NOP
  444 0000036E BF00            NOP
  445 00000370 45DA            CMP              R10, R11
  446 00000372 F43F AFD7       BEQ.W            CirculoIZ
  447 00000376 E7F5            B                DelayCirculoR
  448 00000378         
  449 00000378         
  450 00000378         
  451 00000378         
  452 00000378         
  453 00000378         
  454 00000378         
  455 00000378         
  456 00000378         
  457 00000378         
  458 00000378         Apagado
  459 00000378 F8C4 9000       STR              R9, [R4]
  460 0000037C E68A            B                Lectura
  461 0000037E         
  462 0000037E         DelayInicio                          ; Rutina de retardo
                                                             de 50ms.
  463 0000037E F10B 0B01       ADD              R11, #1
  464 00000382 BF00            NOP
  465 00000384 BF00            NOP
  466 00000386 BF00            NOP
  467 00000388 BF00            NOP
  468 0000038A 45DA            CMP              R10, R11
  469 0000038C F43F AE9E       BEQ.W            SelectRutina
  470 00000390 E7F5            B                DelayInicio
  471 00000392         
  472 00000392         
  473 00000392 00 00           ALIGN
  474 00000394                 END
              400FE608 
              40005528 
              4000552C 
              40005400 
              40005420 
              4000551C 
              40007400 
              40007420 
              4000751C 



ARM Macro Assembler    Page 10 


              4000752C 
              40007528 
              400073FC 
              004C4B40 
              400053FC 
              001E8480 
              000E09C0 
              001B7740 
              00124F80 
              000DBBA0 
              001CFDE0 
              00149970 
              00200B20 
              002625A0 
              00192D50 
              001B2920 
              000AAE60 
              000493E0 
Command Line: --debug --xref --diag_suppress=9931 --cpu=Cortex-M4.fp --apcs=int
erwork --depend=.\objects\carrito.d -o.\objects\carrito.o -I.\RTE\_Target_1 -IC
:\Users\David\AppData\Local\Arm\Packs\Keil\TM4C_DFP\1.1.0\Device\Include\TM4C12
3 -IC:\Keil_v5\ARM\CMSIS\Include --predefine="__EVAL SETA 1" --predefine="__UVI
SION_VERSION SETA 528" --predefine="TM4C123GH6PM SETA 1" --list=.\listings\carr
ito.lst Carrito.s



ARM Macro Assembler    Page 1 Alphabetic symbol ordering
Relocatable symbols

.text 00000000

Symbol: .text
   Definitions
      At line 36 in file Carrito.s
   Uses
      None
Comment: .text unused
AdelanteR1 000000F4

Symbol: AdelanteR1
   Definitions
      At line 154 in file Carrito.s
   Uses
      At line 135 in file Carrito.s
      At line 185 in file Carrito.s

AdelanteR2 0000014C

Symbol: AdelanteR2
   Definitions
      At line 191 in file Carrito.s
   Uses
      At line 139 in file Carrito.s
      At line 227 in file Carrito.s
      At line 247 in file Carrito.s

AdelanteR3 000001DC

Symbol: AdelanteR3
   Definitions
      At line 255 in file Carrito.s
   Uses
      At line 143 in file Carrito.s
      At line 299 in file Carrito.s
      At line 324 in file Carrito.s
      At line 347 in file Carrito.s

AdelanteR4 000002A4

Symbol: AdelanteR4
   Definitions
      At line 354 in file Carrito.s
   Uses
      At line 146 in file Carrito.s
      At line 390 in file Carrito.s
      At line 408 in file Carrito.s

Apagado 00000378

Symbol: Apagado
   Definitions
      At line 458 in file Carrito.s
   Uses
      At line 130 in file Carrito.s
Comment: Apagado used once
CirculoIZ 00000324

Symbol: CirculoIZ



ARM Macro Assembler    Page 2 Alphabetic symbol ordering
Relocatable symbols

   Definitions
      At line 411 in file Carrito.s
   Uses
      At line 373 in file Carrito.s
      At line 446 in file Carrito.s

CirculoR 00000354

Symbol: CirculoR
   Definitions
      At line 432 in file Carrito.s
   Uses
      At line 429 in file Carrito.s
Comment: CirculoR used once
DelayADR1 0000010E

Symbol: DelayADR1
   Definitions
      At line 163 in file Carrito.s
   Uses
      At line 162 in file Carrito.s
      At line 171 in file Carrito.s

DelayADR2 0000015C

Symbol: DelayADR2
   Definitions
      At line 197 in file Carrito.s
   Uses
      At line 196 in file Carrito.s
      At line 205 in file Carrito.s

DelayADR3 000001F0

Symbol: DelayADR3
   Definitions
      At line 265 in file Carrito.s
   Uses
      At line 263 in file Carrito.s
      At line 273 in file Carrito.s

DelayADR4 000002B4

Symbol: DelayADR4
   Definitions
      At line 361 in file Carrito.s
   Uses
      At line 359 in file Carrito.s
      At line 369 in file Carrito.s

DelayCirculoIZ 00000340

Symbol: DelayCirculoIZ
   Definitions
      At line 422 in file Carrito.s
   Uses
      At line 420 in file Carrito.s
      At line 430 in file Carrito.s




ARM Macro Assembler    Page 3 Alphabetic symbol ordering
Relocatable symbols

DelayCirculoR 00000364

Symbol: DelayCirculoR
   Definitions
      At line 439 in file Carrito.s
   Uses
      At line 437 in file Carrito.s
      At line 447 in file Carrito.s

DelayDERR2 00000190

Symbol: DelayDERR2
   Definitions
      At line 220 in file Carrito.s
   Uses
      At line 219 in file Carrito.s
      At line 228 in file Carrito.s

DelayDERR3 00000256

Symbol: DelayDERR3
   Definitions
      At line 317 in file Carrito.s
   Uses
      At line 315 in file Carrito.s
      At line 325 in file Carrito.s

DelayIZR1 00000132

Symbol: DelayIZR1
   Definitions
      At line 178 in file Carrito.s
   Uses
      At line 177 in file Carrito.s
      At line 186 in file Carrito.s

DelayIZR2 000001C2

Symbol: DelayIZR2
   Definitions
      At line 240 in file Carrito.s
   Uses
      At line 239 in file Carrito.s
      At line 248 in file Carrito.s

DelayIZR3 00000224

Symbol: DelayIZR3
   Definitions
      At line 292 in file Carrito.s
   Uses
      At line 290 in file Carrito.s
      At line 300 in file Carrito.s

DelayIZR4 000002E8

Symbol: DelayIZR4
   Definitions
      At line 383 in file Carrito.s



ARM Macro Assembler    Page 4 Alphabetic symbol ordering
Relocatable symbols

   Uses
      At line 381 in file Carrito.s
      At line 391 in file Carrito.s

DelayInicio 0000037E

Symbol: DelayInicio
   Definitions
      At line 462 in file Carrito.s
   Uses
      At line 153 in file Carrito.s
      At line 190 in file Carrito.s
      At line 253 in file Carrito.s
      At line 352 in file Carrito.s
      At line 470 in file Carrito.s

DelayVR3 0000028A

Symbol: DelayVR3
   Definitions
      At line 340 in file Carrito.s
   Uses
      At line 338 in file Carrito.s
      At line 348 in file Carrito.s

DelayVueltaR4 00000310

Symbol: DelayVueltaR4
   Definitions
      At line 401 in file Carrito.s
   Uses
      At line 399 in file Carrito.s
      At line 409 in file Carrito.s

DerechaR2 00000170

Symbol: DerechaR2
   Definitions
      At line 206 in file Carrito.s
   Uses
      At line 204 in file Carrito.s
Comment: DerechaR2 used once
DerechaR3 00000238

Symbol: DerechaR3
   Definitions
      At line 303 in file Carrito.s
   Uses
      At line 283 in file Carrito.s
Comment: DerechaR3 used once
IzquierdaR1 00000122

Symbol: IzquierdaR1
   Definitions
      At line 172 in file Carrito.s
   Uses
      At line 170 in file Carrito.s
Comment: IzquierdaR1 used once
IzquierdaR2 000001A4



ARM Macro Assembler    Page 5 Alphabetic symbol ordering
Relocatable symbols


Symbol: IzquierdaR2
   Definitions
      At line 229 in file Carrito.s
   Uses
      At line 208 in file Carrito.s
      At line 212 in file Carrito.s

IzquierdaR3 00000204

Symbol: IzquierdaR3
   Definitions
      At line 275 in file Carrito.s
   Uses
      At line 272 in file Carrito.s
      At line 308 in file Carrito.s

IzquierdaR4 000002C8

Symbol: IzquierdaR4
   Definitions
      At line 371 in file Carrito.s
   Uses
      At line 368 in file Carrito.s
Comment: IzquierdaR4 used once
Lectura 00000094

Symbol: Lectura
   Definitions
      At line 108 in file Carrito.s
   Uses
      At line 131 in file Carrito.s
      At line 148 in file Carrito.s
      At line 157 in file Carrito.s
      At line 231 in file Carrito.s
      At line 329 in file Carrito.s
      At line 414 in file Carrito.s
      At line 460 in file Carrito.s

Rutina1 000000EE

Symbol: Rutina1
   Definitions
      At line 151 in file Carrito.s
   Uses
      At line 121 in file Carrito.s
Comment: Rutina1 used once
Rutina2 00000146

Symbol: Rutina2
   Definitions
      At line 188 in file Carrito.s
   Uses
      At line 123 in file Carrito.s
Comment: Rutina2 used once
Rutina3 000001D6

Symbol: Rutina3
   Definitions



ARM Macro Assembler    Page 6 Alphabetic symbol ordering
Relocatable symbols

      At line 251 in file Carrito.s
   Uses
      At line 125 in file Carrito.s
Comment: Rutina3 used once
Rutina4 0000029E

Symbol: Rutina4
   Definitions
      At line 350 in file Carrito.s
   Uses
      At line 127 in file Carrito.s
Comment: Rutina4 used once
SelectRutina 000000CC

Symbol: SelectRutina
   Definitions
      At line 133 in file Carrito.s
   Uses
      At line 469 in file Carrito.s
Comment: SelectRutina used once
Start 00000000

Symbol: Start
   Definitions
      At line 39 in file Carrito.s
   Uses
      At line 38 in file Carrito.s
Comment: Start used once
Switch_Init 00000000

Symbol: Switch_Init
   Definitions
      At line 42 in file Carrito.s
   Uses
      None
Comment: Switch_Init unused
VueltaR3 0000026A

Symbol: VueltaR3
   Definitions
      At line 327 in file Carrito.s
   Uses
      At line 280 in file Carrito.s
Comment: VueltaR3 used once
VueltaR4 000002FC

Symbol: VueltaR4
   Definitions
      At line 393 in file Carrito.s
   Uses
      At line 376 in file Carrito.s
Comment: VueltaR4 used once
loop 000000AC

Symbol: loop
   Definitions
      At line 118 in file Carrito.s
   Uses
      None



ARM Macro Assembler    Page 7 Alphabetic symbol ordering
Relocatable symbols

Comment: loop unused
40 symbols



ARM Macro Assembler    Page 1 Alphabetic symbol ordering
Absolute symbols

CONSTANTE 004C4B40

Symbol: CONSTANTE
   Definitions
      At line 33 in file Carrito.s
   Uses
      At line 109 in file Carrito.s
Comment: CONSTANTE used once
GPIO_PORTB_AFSEL_R 40005420

Symbol: GPIO_PORTB_AFSEL_R
   Definitions
      At line 4 in file Carrito.s
   Uses
      At line 61 in file Carrito.s
Comment: GPIO_PORTB_AFSEL_R used once
GPIO_PORTB_AMSEL_R 40005528

Symbol: GPIO_PORTB_AMSEL_R
   Definitions
      At line 1 in file Carrito.s
   Uses
      At line 49 in file Carrito.s
Comment: GPIO_PORTB_AMSEL_R used once
GPIO_PORTB_DEN_R 4000551C

Symbol: GPIO_PORTB_DEN_R
   Definitions
      At line 5 in file Carrito.s
   Uses
      At line 65 in file Carrito.s
Comment: GPIO_PORTB_DEN_R used once
GPIO_PORTB_DIR_R 40005400

Symbol: GPIO_PORTB_DIR_R
   Definitions
      At line 3 in file Carrito.s
   Uses
      At line 57 in file Carrito.s
Comment: GPIO_PORTB_DIR_R used once
GPIO_PORTB_PCTL_R 4000552C

Symbol: GPIO_PORTB_PCTL_R
   Definitions
      At line 2 in file Carrito.s
   Uses
      At line 53 in file Carrito.s
Comment: GPIO_PORTB_PCTL_R used once
GPIO_PORTD_AFSEL_R 40007420

Symbol: GPIO_PORTD_AFSEL_R
   Definitions
      At line 8 in file Carrito.s
   Uses
      At line 82 in file Carrito.s
Comment: GPIO_PORTD_AFSEL_R used once
GPIO_PORTD_AMSEL_R 40007528

Symbol: GPIO_PORTD_AMSEL_R



ARM Macro Assembler    Page 2 Alphabetic symbol ordering
Absolute symbols

   Definitions
      At line 10 in file Carrito.s
   Uses
      At line 98 in file Carrito.s
Comment: GPIO_PORTD_AMSEL_R used once
GPIO_PORTD_DEN_R 4000751C

Symbol: GPIO_PORTD_DEN_R
   Definitions
      At line 9 in file Carrito.s
   Uses
      At line 87 in file Carrito.s
Comment: GPIO_PORTD_DEN_R used once
GPIO_PORTD_DIR_R 40007400

Symbol: GPIO_PORTD_DIR_R
   Definitions
      At line 7 in file Carrito.s
   Uses
      At line 77 in file Carrito.s
Comment: GPIO_PORTD_DIR_R used once
GPIO_PORTD_PCTL_R 4000752C

Symbol: GPIO_PORTD_PCTL_R
   Definitions
      At line 11 in file Carrito.s
   Uses
      At line 92 in file Carrito.s
Comment: GPIO_PORTD_PCTL_R used once
LEDS 400073FC

Symbol: LEDS
   Definitions
      At line 32 in file Carrito.s
   Uses
      At line 101 in file Carrito.s
Comment: LEDS used once
PB0 40005004

Symbol: PB0
   Definitions
      At line 17 in file Carrito.s
   Uses
      None
Comment: PB0 unused
PB1 40005008

Symbol: PB1
   Definitions
      At line 18 in file Carrito.s
   Uses
      None
Comment: PB1 unused
PB2 40005010

Symbol: PB2
   Definitions
      At line 19 in file Carrito.s
   Uses



ARM Macro Assembler    Page 3 Alphabetic symbol ordering
Absolute symbols

      None
Comment: PB2 unused
PB3 40005020

Symbol: PB3
   Definitions
      At line 20 in file Carrito.s
   Uses
      None
Comment: PB3 unused
PD0 40007004

Symbol: PD0
   Definitions
      At line 28 in file Carrito.s
   Uses
      None
Comment: PD0 unused
PD1 40007008

Symbol: PD1
   Definitions
      At line 29 in file Carrito.s
   Uses
      None
Comment: PD1 unused
PD2 40007010

Symbol: PD2
   Definitions
      At line 30 in file Carrito.s
   Uses
      None
Comment: PD2 unused
PD3 40007020

Symbol: PD3
   Definitions
      At line 31 in file Carrito.s
   Uses
      None
Comment: PD3 unused
SW1 00000001

Symbol: SW1
   Definitions
      At line 23 in file Carrito.s
   Uses
      At line 51 in file Carrito.s
      At line 59 in file Carrito.s
      At line 63 in file Carrito.s
      At line 67 in file Carrito.s

SW2 00000002

Symbol: SW2
   Definitions
      At line 24 in file Carrito.s
   Uses



ARM Macro Assembler    Page 4 Alphabetic symbol ordering
Absolute symbols

      At line 51 in file Carrito.s
      At line 59 in file Carrito.s
      At line 63 in file Carrito.s
      At line 67 in file Carrito.s

SW3 00000004

Symbol: SW3
   Definitions
      At line 25 in file Carrito.s
   Uses
      At line 51 in file Carrito.s
      At line 59 in file Carrito.s
      At line 63 in file Carrito.s
      At line 67 in file Carrito.s

SW4 00000008

Symbol: SW4
   Definitions
      At line 26 in file Carrito.s
   Uses
      At line 51 in file Carrito.s
      At line 59 in file Carrito.s
      At line 63 in file Carrito.s
      At line 67 in file Carrito.s

SWITCH 400053FC

Symbol: SWITCH
   Definitions
      At line 22 in file Carrito.s
   Uses
      At line 115 in file Carrito.s
Comment: SWITCH used once
SYSCTL_RCGC2_GPIOB 00000002

Symbol: SYSCTL_RCGC2_GPIOB
   Definitions
      At line 15 in file Carrito.s
   Uses
      None
Comment: SYSCTL_RCGC2_GPIOB unused
SYSCTL_RCGC2_GPIOD 00000008

Symbol: SYSCTL_RCGC2_GPIOD
   Definitions
      At line 14 in file Carrito.s
   Uses
      None
Comment: SYSCTL_RCGC2_GPIOD unused
SYSCTL_RCGCGPIO_R 400FE608

Symbol: SYSCTL_RCGCGPIO_R
   Definitions
      At line 13 in file Carrito.s
   Uses
      At line 43 in file Carrito.s
      At line 70 in file Carrito.s



ARM Macro Assembler    Page 5 Alphabetic symbol ordering
Absolute symbols


28 symbols
404 symbols in table
