


ARM Macro Assembler    Page 1 


    1 00000000                 AREA             codigo, CODE, READONLY, ALIGN=2
 
                                                            ;AREA: Perminte def
                                                            inir bloques de cod
                                                            igo y datos CODE:In
                                                            dica que es codigo 
                                                            de maquina.   READO
                                                            NLY: Indica que se 
                                                            estara trabajando e
                                                            n la ROM
    2 00000000                 THUMB                        ;Indica que tipo de
                                                             instruccion se est
                                                            ara utilizando.
    3 00000000                 EXPORT           Start
    4 00000000         
    5 00000000         Start                                ; Punto de inicio d
                                                            e programa.
    6 00000000 ED9F 0A11       VLDR.F32         S0, =0      ; n.
    7 00000004 EEF7 0A00       VLDR.F32         S1, =1      ; Constante inicio 
                                                            de la serie.
    8 00000008 EDDF 2A10       VLDR.F32         S5, =100    ; Limite superior d
                                                            e la serie.
    9 0000000C EEB7 3A00       VLDR.F32         S6, =1
   10 00000010         
   11 00000010         Sumatoria                            ; Ciclo de sumatori
                                                            a.
   12 00000010 EE30 0A20       VADD.F32         S0, S1      ; n = n+1zz
   13 00000014 EDDF 3A0C       VLDR.F32         S7, =0      ; Contador subrutin
                                                            a Potencia.
   14 00000018 EEB7 4A00       VLDR.F32         S8, =1      ; S8 contendrá el v
                                                            alor de la potencia
                                                            .
   15 0000001C F000 F80A       BL               Potencia    ; n^n
   16 00000020 EEC0 1A84       VDIV.F32         S3, S1, S8  ; 1/n^n
   17 00000024 EE32 2A21       VADD.F32         S4, S3      ; Sumatoria.
   18 00000028 EEB4 0A62       VCMP.F32         S0, S5      ; Comparar si n lle
                                                            go al limite superi
                                                            or.
   19 0000002C EEF1 FA10       VMRS             APSR_nzcv, FPSCR
   20 00000030 D3EE            BLO              Sumatoria
   21 00000032         
   22 00000032         
   23 00000032         Loop                                 ; Ciclo infinito.
   24 00000032 E7FE            B                Loop
   25 00000034         
   26 00000034         Potencia                             ; Subrutina para cá
                                                            lculo de potencia.
   27 00000034 EE24 4A00       VMUL.F32         S8, S0      ; Calculo de la pot
                                                            encia n^n
   28 00000038 EE73 3A83       VADD.F32         S7, S6      ; Aumentar en 1 el 
                                                            contador de potenci
                                                            a
   29 0000003C EEF4 3A40       VCMP.F32         S7, S0      ; Verificar si cont
                                                            ador es igual a exp
                                                            onente.
   30 00000040 EEF1 FA10       VMRS             APSR_nzcv, FPSCR
   31 00000044 D1F6            BNE              Potencia    ; Si no se ha termi
                                                            nado, continuar cal
                                                            culando.



ARM Macro Assembler    Page 2 


   32 00000046 4770            BX               LR          ; Volver a línea si
                                                            guiente a BL usado.
                                                            
   33 00000048         
   34 00000048                 ALIGN
   35 00000048                 END
              00000000 
              42C80000 
Command Line: --debug --xref --diag_suppress=9931 --cpu=Cortex-M4.fp --apcs=int
erwork --depend=.\objects\serie.d -o.\objects\serie.o -I.\RTE\_Target_1 -IC:\Us
ers\David\AppData\Local\Arm\Packs\Keil\TM4C_DFP\1.1.0\Device\Include\TM4C123 -I
C:\Keil_v5\ARM\CMSIS\Include --predefine="__EVAL SETA 1" --predefine="__UVISION
_VERSION SETA 528" --predefine="TM4C123GH6PM SETA 1" --list=.\listings\serie.ls
t Serie.s



ARM Macro Assembler    Page 1 Alphabetic symbol ordering
Relocatable symbols

Loop 00000032

Symbol: Loop
   Definitions
      At line 23 in file Serie.s
   Uses
      At line 24 in file Serie.s
Comment: Loop used once
Potencia 00000034

Symbol: Potencia
   Definitions
      At line 26 in file Serie.s
   Uses
      At line 15 in file Serie.s
      At line 31 in file Serie.s

Start 00000000

Symbol: Start
   Definitions
      At line 5 in file Serie.s
   Uses
      At line 3 in file Serie.s
Comment: Start used once
Sumatoria 00000010

Symbol: Sumatoria
   Definitions
      At line 11 in file Serie.s
   Uses
      At line 20 in file Serie.s
Comment: Sumatoria used once
codigo 00000000

Symbol: codigo
   Definitions
      At line 1 in file Serie.s
   Uses
      None
Comment: codigo unused
5 symbols
341 symbols in table
