


ARM Macro Assembler    Page 1 


    1 00000000                 AREA             codigo, CODE, READONLY, ALIGN=2
    2 00000000                 THUMB
    3 00000000                 EXPORT           Start
    4 00000000         
    5 00000000         Start                                ; Punto de inicio d
                                                            e programa.
    6 00000000 ED9F 0A17       VLDR.F32         S0, =0      ; Valor de n.
    7 00000004 EDDF 0A17       VLDR.F32         S1, =50     ; Límite superior.
    8 00000008 EEB7 1A00       VLDR.F32         S2, =1      ; Constante 1.
    9 0000000C EEF7 1A00       VLDR.F32         S3, =1      ; Constante 2.
   10 00000010 EEB0 2A00       VLDR.F32         S4, =2      ; Constante 3.
   11 00000014 EEF7 2A00       VLDR.F32         S5, =1      ; Constante 4.
   12 00000018 ED9F 3A11       VLDR.F32         S6, =0      ; Constante 5.
   13 0000001C EEF7 3A00       VLDR.F32         S7, =1      ; Constante 6.
   14 00000020 EEB7 4A00       VLDR.F32         S8, =1      ; Constante 7.
   15 00000024 EDDF 4A0E       VLDR.F32         S9, =0      ; Constante 8.
   16 00000028 EEB7 5A00       VLDR.F32         S10, =1     ; Constante 9.
   17 0000002C EDDF 5A0C       VLDR.F32         S11, =0     ; Constante 10.
   18 00000030         
   19 00000030         
   20 00000030         Sumatoria
   21 00000030 EE30 0A01       VADD.F32         S0,S2       ; Aumentar en 1 n
   22 00000034 EEF1 1AC0       VSQRT.F32        S3, S0      ; Raiz(n)
   23 00000038 EE62 2A00       VMUL.F32         S5, S4, S0  ; 2*n
   24 0000003C EE31 3AA2       VADD.F32         S6, S3 , S5 ; 2n + Raiz(n)
   25 00000040 EE60 3A00       VMUL.F32         S7, S0, S0  ; n^2
   26 00000044 EE23 4A80       VMUL.F32         S8, S7, S0  ; n^3
   27 00000048 EE74 4A21       VADD.F32         S9, S8, S3  ; n^3 + Raiz(n)
   28 0000004C EE83 5A24       VDIV.F32         S10, S6, S9 ; [2n + Raiz(n)] / 
                                                            [n^3 + Raiz(n)]
   29 00000050 EE75 5A85       VADD.F32         S11, S10    ; Sumatoria
   30 00000054 EEB4 0A60       VCMP.F32         S0,S1       ; Comparar si n lle
                                                            go al limite superi
                                                            or
   31 00000058 EEF1 FA10       VMRS             APSR_nzcv, FPSCR
   32 0000005C D3E8            BLO              Sumatoria
   33 0000005E         Loop                                 ; Ciclo infinito.
   34 0000005E E7FE            B                Loop
   35 00000060         
   36 00000060                 ALIGN
   37 00000060                 END
              00000000 
              42480000 
Command Line: --debug --xref --diag_suppress=9931 --cpu=Cortex-M4.fp --apcs=int
erwork --depend=".\objects\serie 6.d" -o".\objects\serie 6.o" -I.\RTE\_Target_1
 -IC:\Users\David\AppData\Local\Arm\Packs\Keil\TM4C_DFP\1.1.0\Device\Include\TM
4C123 -IC:\Keil_v5\ARM\CMSIS\Include --predefine="__EVAL SETA 1" --predefine="_
_UVISION_VERSION SETA 528" --predefine="TM4C123GH6PM SETA 1" --list=.\listings\
serie 6.lst "Serie 6.s"



ARM Macro Assembler    Page 1 Alphabetic symbol ordering
Relocatable symbols

Loop 0000005E

Symbol: Loop
   Definitions
      At line 33 in file Serie
   Uses
      At line 34 in file Serie
Comment: Loop used once
Start 00000000

Symbol: Start
   Definitions
      At line 5 in file Serie
   Uses
      At line 3 in file Serie
Comment: Start used once
Sumatoria 00000030

Symbol: Sumatoria
   Definitions
      At line 20 in file Serie
   Uses
      At line 32 in file Serie
Comment: Sumatoria used once
codigo 00000000

Symbol: codigo
   Definitions
      At line 1 in file Serie
   Uses
      None
Comment: codigo unused
4 symbols
340 symbols in table
