


ARM Macro Assembler    Page 1 


    1 00000000                 AREA             codigo, CODE, READONLY, ALIGN=2
    2 00000000                 THUMB
    3 00000000                 EXPORT           Start
    4 00000000         
    5 00000000         Start
    6 00000000 ED9F 0A5E       VLDR.F32         S0, =0
    7 00000004 EEF2 0A0E       VLDR.F32         S1, =15
    8 00000008 EEB7 1A00       VLDR.F32         S2, =1
    9 0000000C EDDF 1A5B       VLDR.F32         S3, =0
   10 00000010 ED9F 2A5A       VLDR.F32         S4, =0
   11 00000014 EEF0 2A00       VLDR.F32         S5, =2
   12 00000018 EEB7 3A00       VLDR.F32         S6, =1
   13 0000001C         
   14 0000001C EEFF 3A00       VLDR.F32         S7, =-1
   15 00000020         
   16 00000020 EEB1 5A04       VLDR.F32         S10, =5     ; X (azimut en radi
                                                            anes)
   17 00000024 EDDF 9A56       VLDR.F32         S19, =1000  ; Coordenada de ref
                                                            erencia
   18 00000028 EEB2 AA04       VLDR.F32         S20, =10    ; Distancia en metr
                                                            os
   19 0000002C         
   20 0000002C EEF7 5A00       VLDR.F32         S11, =1
   21 00000030 ED9F 7A52       VLDR.F32         S14, =0
   22 00000034 EDDF 7A51       VLDR.F32         S15, =0
   23 00000038 ED9F 8A50       VLDR.F32         S16, =0
   24 0000003C ED9F 8A4F       VLDR.F32         S16, =0
   25 00000040         
   26 00000040         COSENO
   27 00000040 EE30 0A01       VADD.F32         S0,S2       ; Aumentar en 1 n
   28 00000044         
   29 00000044 EE60 1A22       VMUL.F32         S3 , S0 , S5
   30 00000048 F000 F85B       BL               factorial   ; 2n!
   31 0000004C         
   32 0000004C ED9F 4A4B       VLDR.F32         S8, = 0     ; Contador subrutin
                                                            a Potencia.
   33 00000050 EEF7 4A00       VLDR.F32         S9, = 1     ; S9 contendrá el v
                                                            alor de la potencia
                                                            .
   34 00000054 F000 F85F       BL               potencia    ; (-1)^n
   35 00000058         
   36 00000058 EE62 5A80       VMUL.F32         S11, S5 , S0 ; 2n
   37 0000005C ED9F 6A47       VLDR.F32         S12, = 0    ; Contador subrutin
                                                            a Potencia.
   38 00000060 EEF7 6A00       VLDR.F32         S13, = 1    ; S13 contendrá el 
                                                            valor de la potenci
                                                            a.
   39 00000064 F000 F861       BL               potencia2   ; (x)^2n
   40 00000068         
   41 00000068 EE26 7AA4       VMUL.F32         S14 , S13 , S9 
                                                            ; (-1)^n * (x)^2n
   42 0000006C EEC7 7A03       VDIV.F32         S15, S14 , S6 ; [(-1)^n * (x)^2
                                                            n]/2n!
   43 00000070 EE38 8A27       VADD.F32         S16, S15    ;      ; Se acumula
                                                             la sumatoria
   44 00000074         
   45 00000074         
   46 00000074 EEB4 0A60       VCMP.F32         S0,S1       ; Comparar si n lle
                                                            go al limite superi



ARM Macro Assembler    Page 2 


                                                            or
   47 00000078 EEF1 FA10       VMRS             APSR_nzcv, FPSCR
   48 0000007C D3E0            BLO              COSENO
   49 0000007E         
   50 0000007E         Start2
   51 0000007E EE71 8A08       VADD.F32         S17,S2,S16
   52 00000082 ED9F 0A3E       VLDR.F32         S0, =0      ; Valor de n.
   53 00000086 EEB7 1A00       VLDR.F32         S2, =1
   54 0000008A EDDF 1A3C       VLDR.F32         S3, =0
   55 0000008E ED9F 2A3B       VLDR.F32         S4, =0
   56 00000092 EEF0 2A00       VLDR.F32         S5, =2
   57 00000096 ED9F 3A39       VLDR.F32         S6, =0
   58 0000009A EEF7 3A00       VLDR.F32         S7, =1
   59 0000009E EEBF 4A00       VLDR.F32         S8, =-1
   60 000000A2 EDDF 7A36       VLDR.F32         S15, =0
   61 000000A6 ED9F 8A35       VLDR.F32         S16, =0
   62 000000AA ED9F 9A34       VLDR.F32         S18, =0
   63 000000AE         
   64 000000AE         SENO
   65 000000AE EE30 0A01       VADD.F32         S0,S2       ; Aumentar en 1 n
   66 000000B2         
   67 000000B2 EE60 1A22       VMUL.F32         S3 , S0 , S5 ; 2n
   68 000000B6 EE31 2A81       VADD.F32         S4 , S3 , S2 ; 2n +1
   69 000000BA F000 F840       BL               factorial2  ; (2n + 1)!
   70 000000BE         
   71 000000BE EDDF 5A2F       VLDR.F32         S11, = 0    ; Contador subrutin
                                                            a Potencia.
   72 000000C2 EEB7 6A00       VLDR.F32         S12, = 1    ; S12 contendrá el 
                                                            valor de la potenci
                                                            a.
   73 000000C6 F000 F844       BL               potencia3   ; (-1)^n
   74 000000CA         
   75 000000CA EDDF 6A2C       VLDR.F32         S13, = 0    ; Contador subrutin
                                                            a Potencia.
   76 000000CE EEB7 7A00       VLDR.F32         S14, = 1    ; S14 contendrá el 
                                                            valor de la potenci
                                                            a.
   77 000000D2 F000 F848       BL               potencia4   ; x^(2n+1)
   78 000000D6         
   79 000000D6 EE66 7A07       VMUL.F32         S15 , S12 , S14
   80 000000DA EE87 8AA3       VDIV.F32         S16, S15 , S7
   81 000000DE EE39 9A08       VADD.F32         S18, S16
   82 000000E2         
   83 000000E2 EEB4 0A60       VCMP.F32         S0,S1       ; Comparar si n lle
                                                            go al limite superi
                                                            or
   84 000000E6         
   85 000000E6         
   86 000000E6 EEF1 FA10       VMRS             APSR_nzcv, FPSCR
   87 000000EA D3E0            BLO              SENO
   88 000000EC         
   89 000000EC         AzimutACoordenadas
   90 000000EC EE39 9A05       VADD.F32         S18,S10
   91 000000F0 EE6A AA09       VMUL.F32         S21, S20 , S18
   92 000000F4 EE2A BA28       VMUL.F32         S22, S20 , S17
   93 000000F8 EE79 BAAA       VADD.F32         S23, S19 , S21 ;Coordenada X
   94 000000FC EE39 CA8B       VADD.F32         S24, S19 , S22 ;Coordenada Y
   95 00000100         Loop
   96 00000100         



ARM Macro Assembler    Page 3 


   97 00000100 E7FE            B                Loop
   98 00000102         
   99 00000102         
  100 00000102         factorial
  101 00000102 EE32 2A01       VADD.F32         S4,S2
  102 00000106 EE23 3A02       VMUL.F32         S6,S4
  103 0000010A EEB4 2A61       VCMP.F32         S4,S3
  104 0000010E EEF1 FA10       VMRS             APSR_nzcv, FPSCR
  105 00000112 D1F6            BNE              factorial
  106 00000114 4770            BX               LR
  107 00000116         
  108 00000116         potencia
  109 00000116 EE64 4AA3       VMUL.F32         S9, S7
  110 0000011A EE34 4A01       VADD.F32         S8, S2
  111 0000011E EEB4 4A40       VCMP.F32         S8, S0      ; 
  112 00000122 EEF1 FA10       VMRS             APSR_nzcv, FPSCR
  113 00000126 D1F6            BNE              potencia    ; 
  114 00000128 4770            BX               LR          ; 
  115 0000012A         
  116 0000012A         potencia2
  117 0000012A EE66 6A85       VMUL.F32         S13, S10
  118 0000012E EE36 6A01       VADD.F32         S12, S2
  119 00000132 EEB4 6A65       VCMP.F32         S12, S11    ; 
  120 00000136 EEF1 FA10       VMRS             APSR_nzcv, FPSCR
  121 0000013A D1F6            BNE              potencia2   ; 
  122 0000013C 4770            BX               LR          ; 
  123 0000013E         
  124 0000013E         
  125 0000013E         factorial2
  126 0000013E EE33 3A01       VADD.F32         S6,S2
  127 00000142 EE63 3A83       VMUL.F32         S7,S6
  128 00000146 EEB4 3A42       VCMP.F32         S6,S4
  129 0000014A EEF1 FA10       VMRS             APSR_nzcv, FPSCR
  130 0000014E D1F6            BNE              factorial2
  131 00000150 4770            BX               LR
  132 00000152         
  133 00000152         potencia3
  134 00000152 EE26 6A04       VMUL.F32         S12, S8
  135 00000156 EE75 5A81       VADD.F32         S11, S2
  136 0000015A EEF4 5A40       VCMP.F32         S11, S0     ; 
  137 0000015E EEF1 FA10       VMRS             APSR_nzcv, FPSCR
  138 00000162 D1F6            BNE              potencia3   ; 
  139 00000164 4770            BX               LR          ;  
  140 00000166         
  141 00000166         potencia4
  142 00000166 EE27 7A05       VMUL.F32         S14, S10
  143 0000016A EE76 6A81       VADD.F32         S13, S2
  144 0000016E EEF4 6A42       VCMP.F32         S13, S4     ; 
  145 00000172 EEF1 FA10       VMRS             APSR_nzcv, FPSCR
  146 00000176 D1F6            BNE              potencia4   ; 
  147 00000178 4770            BX               LR          ;   
  148 0000017A         
  149 0000017A         
  150 0000017A         
  151 0000017A         
  152 0000017A 00 00           ALIGN
  153 0000017C                 END
              00000000 
              447A0000 



ARM Macro Assembler    Page 4 


Command Line: --debug --xref --diag_suppress=9931 --cpu=Cortex-M4.fp --apcs=int
erwork --depend=.\objects\main.d -o.\objects\main.o -I.\RTE\_Target_1 -IC:\User
s\dey_d\AppData\Local\Arm\Packs\Keil\TM4C_DFP\1.1.0\Device\Include\TM4C123 -IC:
\Keil_v5\ARM\CMSIS\Include --predefine="__EVAL SETA 1" --predefine="__UVISION_V
ERSION SETA 528" --predefine="TM4C123GH6PM SETA 1" --list=.\listings\main.lst m
ain.s



ARM Macro Assembler    Page 1 Alphabetic symbol ordering
Relocatable symbols

AzimutACoordenadas 000000EC

Symbol: AzimutACoordenadas
   Definitions
      At line 89 in file main.s
   Uses
      None
Comment: AzimutACoordenadas unused
COSENO 00000040

Symbol: COSENO
   Definitions
      At line 26 in file main.s
   Uses
      At line 48 in file main.s
Comment: COSENO used once
Loop 00000100

Symbol: Loop
   Definitions
      At line 95 in file main.s
   Uses
      At line 97 in file main.s
Comment: Loop used once
SENO 000000AE

Symbol: SENO
   Definitions
      At line 64 in file main.s
   Uses
      At line 87 in file main.s
Comment: SENO used once
Start 00000000

Symbol: Start
   Definitions
      At line 5 in file main.s
   Uses
      At line 3 in file main.s
Comment: Start used once
Start2 0000007E

Symbol: Start2
   Definitions
      At line 50 in file main.s
   Uses
      None
Comment: Start2 unused
codigo 00000000

Symbol: codigo
   Definitions
      At line 1 in file main.s
   Uses
      None
Comment: codigo unused
factorial 00000102

Symbol: factorial



ARM Macro Assembler    Page 2 Alphabetic symbol ordering
Relocatable symbols

   Definitions
      At line 100 in file main.s
   Uses
      At line 30 in file main.s
      At line 105 in file main.s

factorial2 0000013E

Symbol: factorial2
   Definitions
      At line 125 in file main.s
   Uses
      At line 69 in file main.s
      At line 130 in file main.s

potencia 00000116

Symbol: potencia
   Definitions
      At line 108 in file main.s
   Uses
      At line 34 in file main.s
      At line 113 in file main.s

potencia2 0000012A

Symbol: potencia2
   Definitions
      At line 116 in file main.s
   Uses
      At line 39 in file main.s
      At line 121 in file main.s

potencia3 00000152

Symbol: potencia3
   Definitions
      At line 133 in file main.s
   Uses
      At line 73 in file main.s
      At line 138 in file main.s

potencia4 00000166

Symbol: potencia4
   Definitions
      At line 141 in file main.s
   Uses
      At line 77 in file main.s
      At line 146 in file main.s

13 symbols
349 symbols in table
